[debug] [2026-02-05T13:43:02.361Z] ----------------------------------------------------------------------
[debug] [2026-02-05T13:43:02.363Z] Command:       /home/resper/.nvm/versions/node/v22.19.0/bin/node /home/resper/.nvm/versions/node/v22.19.0/bin/firebase deploy --only hosting
[debug] [2026-02-05T13:43:02.364Z] CLI Version:   15.1.0
[debug] [2026-02-05T13:43:02.364Z] Platform:      linux
[debug] [2026-02-05T13:43:02.364Z] Node Version:  v22.19.0
[debug] [2026-02-05T13:43:02.364Z] Time:          Thu Feb 05 2026 10:43:02 GMT-0300 (Brasilia Standard Time)
[debug] [2026-02-05T13:43:02.364Z] ----------------------------------------------------------------------
[debug] 
[debug] [2026-02-05T13:43:02.365Z] >>> [apiv2][query] GET https://firebase-public.firebaseio.com/cli.json [none]
[debug] [2026-02-05T13:43:04.112Z] > command requires scopes: ["email","openid","https://www.googleapis.com/auth/cloudplatformprojects.readonly","https://www.googleapis.com/auth/firebase","https://www.googleapis.com/auth/cloud-platform"]
[debug] [2026-02-05T13:43:04.112Z] > authorizing via signed-in user (resper@ness.com.br)
[debug] [2026-02-05T13:43:04.112Z] [iam] checking project nrisk-486513 for permissions ["firebase.projects.get","firebasehosting.sites.update"]
[debug] [2026-02-05T13:43:04.113Z] Checked if tokens are valid: false, expires at: 1769028235085
[debug] [2026-02-05T13:43:04.113Z] Checked if tokens are valid: false, expires at: 1769028235085
[debug] [2026-02-05T13:43:04.113Z] > refreshing access token with scopes: []
[debug] [2026-02-05T13:43:04.114Z] >>> [apiv2][query] POST https://www.googleapis.com/oauth2/v3/token [none]
[debug] [2026-02-05T13:43:04.114Z] >>> [apiv2][body] POST https://www.googleapis.com/oauth2/v3/token [omitted]
[debug] [2026-02-05T13:43:04.313Z] <<< [apiv2][status] POST https://www.googleapis.com/oauth2/v3/token 200
[debug] [2026-02-05T13:43:04.313Z] <<< [apiv2][body] POST https://www.googleapis.com/oauth2/v3/token [omitted]
[debug] [2026-02-05T13:43:04.329Z] >>> [apiv2][query] POST https://cloudresourcemanager.googleapis.com/v1/projects/nrisk-486513:testIamPermissions [none]
[debug] [2026-02-05T13:43:04.329Z] >>> [apiv2][(partial)header] POST https://cloudresourcemanager.googleapis.com/v1/projects/nrisk-486513:testIamPermissions x-goog-quota-user=projects/nrisk-486513
[debug] [2026-02-05T13:43:04.329Z] >>> [apiv2][body] POST https://cloudresourcemanager.googleapis.com/v1/projects/nrisk-486513:testIamPermissions {"permissions":["firebase.projects.get","firebasehosting.sites.update"]}
[debug] [2026-02-05T13:43:04.419Z] <<< [apiv2][status] GET https://firebase-public.firebaseio.com/cli.json 200
[debug] [2026-02-05T13:43:04.419Z] <<< [apiv2][body] GET https://firebase-public.firebaseio.com/cli.json {"cloudBuildErrorAfter":1594252800000,"cloudBuildWarnAfter":1590019200000,"defaultNode10After":1594252800000,"minVersion":"3.0.5","node8DeploysDisabledAfter":1613390400000,"node8RuntimeDisabledAfter":1615809600000,"node8WarnAfter":1600128000000}
[debug] [2026-02-05T13:43:05.203Z] <<< [apiv2][status] POST https://cloudresourcemanager.googleapis.com/v1/projects/nrisk-486513:testIamPermissions 200
[debug] [2026-02-05T13:43:05.204Z] <<< [apiv2][body] POST https://cloudresourcemanager.googleapis.com/v1/projects/nrisk-486513:testIamPermissions {"permissions":["firebase.projects.get","firebasehosting.sites.update"]}
[debug] [2026-02-05T13:43:05.204Z] Checked if tokens are valid: true, expires at: 1770302583314
[debug] [2026-02-05T13:43:05.204Z] Checked if tokens are valid: true, expires at: 1770302583314
[debug] [2026-02-05T13:43:05.204Z] >>> [apiv2][query] GET https://firebase.googleapis.com/v1beta1/projects/nrisk-486513 [none]
[debug] [2026-02-05T13:43:20.221Z] *** [apiv2] error from fetch(https://firebase.googleapis.com/v1beta1/projects/nrisk-486513, {"headers":{},"method":"GET","signal":{"reason":""}}): FetchError: request to https://firebase.googleapis.com/v1beta1/projects/nrisk-486513 failed, reason: getaddrinfo EAI_AGAIN firebase.googleapis.com
[debug] [2026-02-05T13:43:20.221Z] Failed to make request to https://firebase.googleapis.com/v1beta1/projects/nrisk-486513 (original: request to https://firebase.googleapis.com/v1beta1/projects/nrisk-486513 failed, reason: getaddrinfo EAI_AGAIN firebase.googleapis.com)
[error] 
[error] Error: Assertion failed: resolving hosting target of a site with no site name or target name. This should have caused an error earlier
